<?xml version="1.0" encoding="UTF-8"?>
<testng-results ignored="0" total="24" passed="24" failed="0" skipped="0">
  <reporter-output>
  </reporter-output>
  <suite started-at="2022-02-06T13:09:42Z" name="Suite" finished-at="2022-02-06T13:11:08Z" duration-ms="85977">
    <groups>
    </groups>
    <test started-at="2022-02-06T13:09:42Z" name="Chrome" finished-at="2022-02-06T13:10:15Z" duration-ms="33272">
      <class name="TestClass.ValidateTimetrackSUb">
        <test-method is-config="true" signature="CreateObject()[pri:0, instance:TestClass.ValidateTimetrackSUb@6c284af]" started-at="2022-02-06T13:09:45Z" name="CreateObject" finished-at="2022-02-06T13:09:45Z" duration-ms="44" status="PASS">
          <reporter-output>
          </reporter-output>
        </test-method> <!-- CreateObject -->
        <test-method is-config="true" signature="Login()[pri:0, instance:TestClass.ValidateTimetrackSUb@6c284af]" started-at="2022-02-06T13:09:45Z" name="Login" finished-at="2022-02-06T13:09:50Z" duration-ms="4253" status="PASS">
          <reporter-output>
          </reporter-output>
        </test-method> <!-- Login -->
        <test-method signature="EnterTT()[pri:0, instance:TestClass.ValidateTimetrackSUb@6c284af]" started-at="2022-02-06T13:09:50Z" name="EnterTT" finished-at="2022-02-06T13:10:04Z" duration-ms="14290" status="PASS">
          <reporter-output>
          </reporter-output>
        </test-method> <!-- EnterTT -->
        <test-method is-config="true" signature="Logout()[pri:0, instance:TestClass.ValidateTimetrackSUb@6c284af]" started-at="2022-02-06T13:10:04Z" name="Logout" finished-at="2022-02-06T13:10:04Z" duration-ms="495" status="PASS">
          <reporter-output>
          </reporter-output>
        </test-method> <!-- Logout -->
        <test-method is-config="true" signature="Login()[pri:0, instance:TestClass.ValidateTimetrackSUb@6c284af]" started-at="2022-02-06T13:10:04Z" name="Login" finished-at="2022-02-06T13:10:05Z" duration-ms="262" status="PASS">
          <reporter-output>
          </reporter-output>
        </test-method> <!-- Login -->
        <test-method signature="ViewTT()[pri:0, instance:TestClass.ValidateTimetrackSUb@6c284af]" started-at="2022-02-06T13:10:05Z" name="ViewTT" finished-at="2022-02-06T13:10:06Z" duration-ms="1188" status="PASS">
          <reporter-output>
          </reporter-output>
        </test-method> <!-- ViewTT -->
        <test-method is-config="true" signature="Logout()[pri:0, instance:TestClass.ValidateTimetrackSUb@6c284af]" started-at="2022-02-06T13:10:06Z" name="Logout" finished-at="2022-02-06T13:10:06Z" duration-ms="441" status="PASS">
          <reporter-output>
          </reporter-output>
        </test-method> <!-- Logout -->
        <test-method is-config="true" signature="CloseObjet()[pri:0, instance:TestClass.ValidateTimetrackSUb@6c284af]" started-at="2022-02-06T13:10:06Z" name="CloseObjet" finished-at="2022-02-06T13:10:06Z" duration-ms="0" status="PASS">
          <reporter-output>
          </reporter-output>
        </test-method> <!-- CloseObjet -->
      </class> <!-- TestClass.ValidateTimetrackSUb -->
      <class name="TestClass.ValidateLogin">
        <test-method is-config="true" signature="launchBrowser(java.lang.String)[pri:0, instance:TestClass.ValidateLogin@7e057f43]" started-at="2022-02-06T13:09:42Z" name="launchBrowser" finished-at="2022-02-06T13:09:43Z" duration-ms="1686" status="PASS">
          <params>
            <param index="0">
              <value>
                <![CDATA[Chrome]]>
              </value>
            </param>
          </params>
          <reporter-output>
          </reporter-output>
        </test-method> <!-- launchBrowser -->
        <test-method is-config="true" signature="launchBrowser(java.lang.String)[pri:0, instance:TestClass.ValidateTimetrackSUb@6c284af]" started-at="2022-02-06T13:09:43Z" name="launchBrowser" finished-at="2022-02-06T13:09:44Z" duration-ms="788" status="PASS">
          <params>
            <param index="0">
              <value>
                <![CDATA[Chrome]]>
              </value>
            </param>
          </params>
          <reporter-output>
          </reporter-output>
        </test-method> <!-- launchBrowser -->
        <test-method is-config="true" signature="launchBrowser(java.lang.String)[pri:0, instance:TestClass.validateHeader@6e9a5ed8]" started-at="2022-02-06T13:09:44Z" name="launchBrowser" finished-at="2022-02-06T13:09:45Z" duration-ms="953" status="PASS">
          <params>
            <param index="0">
              <value>
                <![CDATA[Chrome]]>
              </value>
            </param>
          </params>
          <reporter-output>
          </reporter-output>
        </test-method> <!-- launchBrowser -->
        <test-method is-config="true" signature="createObject()[pri:0, instance:TestClass.ValidateLogin@7e057f43]" started-at="2022-02-06T13:09:45Z" name="createObject" finished-at="2022-02-06T13:09:45Z" duration-ms="42" status="PASS">
          <reporter-output>
          </reporter-output>
        </test-method> <!-- createObject -->
        <test-method is-config="true" signature="OpenUrl()[pri:0, instance:TestClass.ValidateLogin@7e057f43]" started-at="2022-02-06T13:09:45Z" name="OpenUrl" finished-at="2022-02-06T13:09:49Z" duration-ms="3997" status="PASS">
          <reporter-output>
          </reporter-output>
        </test-method> <!-- OpenUrl -->
        <test-method signature="Login()[pri:0, instance:TestClass.ValidateLogin@7e057f43]" started-at="2022-02-06T13:09:49Z" name="Login" finished-at="2022-02-06T13:09:50Z" duration-ms="280" status="PASS">
          <reporter-output>
          </reporter-output>
        </test-method> <!-- Login -->
        <test-method is-config="true" signature="Logout()[pri:0, instance:TestClass.ValidateLogin@7e057f43]" started-at="2022-02-06T13:09:50Z" name="Logout" finished-at="2022-02-06T13:10:03Z" duration-ms="13544" status="PASS">
          <reporter-output>
          </reporter-output>
        </test-method> <!-- Logout -->
        <test-method is-config="true" signature="CloseBrowser()[pri:0, instance:TestClass.ValidateLogin@7e057f43]" started-at="2022-02-06T13:10:03Z" name="CloseBrowser" finished-at="2022-02-06T13:10:03Z" duration-ms="0" status="PASS">
          <reporter-output>
          </reporter-output>
        </test-method> <!-- CloseBrowser -->
        <test-method is-config="true" signature="CloseObject()[pri:0, instance:TestClass.ValidateLogin@7e057f43]" started-at="2022-02-06T13:10:14Z" name="CloseObject" finished-at="2022-02-06T13:10:15Z" duration-ms="294" status="PASS">
          <reporter-output>
          </reporter-output>
        </test-method> <!-- CloseObject -->
        <test-method is-config="true" signature="CloseBrowser()[pri:0, instance:TestClass.ValidateTimetrackSUb@6c284af]" started-at="2022-02-06T13:10:15Z" name="CloseBrowser" finished-at="2022-02-06T13:10:15Z" duration-ms="98" status="PASS">
          <reporter-output>
          </reporter-output>
        </test-method> <!-- CloseBrowser -->
        <test-method is-config="true" signature="CloseBrowser()[pri:0, instance:TestClass.validateHeader@6e9a5ed8]" started-at="2022-02-06T13:10:15Z" name="CloseBrowser" finished-at="2022-02-06T13:10:15Z" duration-ms="187" status="PASS">
          <reporter-output>
          </reporter-output>
        </test-method> <!-- CloseBrowser -->
      </class> <!-- TestClass.ValidateLogin -->
      <class name="TestClass.validateHeader">
        <test-method is-config="true" signature="CreateObject()[pri:0, instance:TestClass.validateHeader@6e9a5ed8]" started-at="2022-02-06T13:09:45Z" name="CreateObject" finished-at="2022-02-06T13:09:45Z" duration-ms="42" status="PASS">
          <reporter-output>
          </reporter-output>
        </test-method> <!-- CreateObject -->
        <test-method is-config="true" signature="loginToUserAccount()[pri:0, instance:TestClass.validateHeader@6e9a5ed8]" started-at="2022-02-06T13:09:45Z" name="loginToUserAccount" finished-at="2022-02-06T13:09:50Z" duration-ms="4253" status="PASS">
          <reporter-output>
          </reporter-output>
        </test-method> <!-- loginToUserAccount -->
        <test-method signature="VerifyReports()[pri:0, instance:TestClass.validateHeader@6e9a5ed8]" started-at="2022-02-06T13:09:50Z" name="VerifyReports" finished-at="2022-02-06T13:10:05Z" duration-ms="15342" status="PASS">
          <reporter-output>
          </reporter-output>
        </test-method> <!-- VerifyReports -->
        <test-method is-config="true" signature="Logout()[pri:0, instance:TestClass.validateHeader@6e9a5ed8]" started-at="2022-02-06T13:10:05Z" name="Logout" finished-at="2022-02-06T13:10:05Z" duration-ms="420" status="PASS">
          <reporter-output>
          </reporter-output>
        </test-method> <!-- Logout -->
        <test-method is-config="true" signature="loginToUserAccount()[pri:0, instance:TestClass.validateHeader@6e9a5ed8]" started-at="2022-02-06T13:10:05Z" name="loginToUserAccount" finished-at="2022-02-06T13:10:06Z" duration-ms="293" status="PASS">
          <reporter-output>
          </reporter-output>
        </test-method> <!-- loginToUserAccount -->
        <test-method signature="VerifyTasks()[pri:0, instance:TestClass.validateHeader@6e9a5ed8]" started-at="2022-02-06T13:10:06Z" name="VerifyTasks" finished-at="2022-02-06T13:10:07Z" duration-ms="979" status="PASS">
          <reporter-output>
          </reporter-output>
        </test-method> <!-- VerifyTasks -->
        <test-method is-config="true" signature="Logout()[pri:0, instance:TestClass.validateHeader@6e9a5ed8]" started-at="2022-02-06T13:10:07Z" name="Logout" finished-at="2022-02-06T13:10:07Z" duration-ms="349" status="PASS">
          <reporter-output>
          </reporter-output>
        </test-method> <!-- Logout -->
        <test-method is-config="true" signature="loginToUserAccount()[pri:0, instance:TestClass.validateHeader@6e9a5ed8]" started-at="2022-02-06T13:10:07Z" name="loginToUserAccount" finished-at="2022-02-06T13:10:07Z" duration-ms="383" status="PASS">
          <reporter-output>
          </reporter-output>
        </test-method> <!-- loginToUserAccount -->
        <test-method signature="VerifyTimetrack()[pri:0, instance:TestClass.validateHeader@6e9a5ed8]" started-at="2022-02-06T13:10:07Z" name="VerifyTimetrack" finished-at="2022-02-06T13:10:08Z" duration-ms="411" status="PASS">
          <reporter-output>
          </reporter-output>
        </test-method> <!-- VerifyTimetrack -->
        <test-method is-config="true" signature="Logout()[pri:0, instance:TestClass.validateHeader@6e9a5ed8]" started-at="2022-02-06T13:10:08Z" name="Logout" finished-at="2022-02-06T13:10:08Z" duration-ms="362" status="PASS">
          <reporter-output>
          </reporter-output>
        </test-method> <!-- Logout -->
        <test-method is-config="true" signature="loginToUserAccount()[pri:0, instance:TestClass.validateHeader@6e9a5ed8]" started-at="2022-02-06T13:10:08Z" name="loginToUserAccount" finished-at="2022-02-06T13:10:08Z" duration-ms="384" status="PASS">
          <reporter-output>
          </reporter-output>
        </test-method> <!-- loginToUserAccount -->
        <test-method signature="VerifyUsers()[pri:0, instance:TestClass.validateHeader@6e9a5ed8]" started-at="2022-02-06T13:10:08Z" name="VerifyUsers" finished-at="2022-02-06T13:10:12Z" duration-ms="3812" status="PASS">
          <reporter-output>
          </reporter-output>
        </test-method> <!-- VerifyUsers -->
        <test-method is-config="true" signature="Logout()[pri:0, instance:TestClass.validateHeader@6e9a5ed8]" started-at="2022-02-06T13:10:12Z" name="Logout" finished-at="2022-02-06T13:10:13Z" duration-ms="398" status="PASS">
          <reporter-output>
          </reporter-output>
        </test-method> <!-- Logout -->
        <test-method is-config="true" signature="loginToUserAccount()[pri:0, instance:TestClass.validateHeader@6e9a5ed8]" started-at="2022-02-06T13:10:13Z" name="loginToUserAccount" finished-at="2022-02-06T13:10:13Z" duration-ms="372" status="PASS">
          <reporter-output>
          </reporter-output>
        </test-method> <!-- loginToUserAccount -->
        <test-method signature="VerifyWorkSchedule()[pri:0, instance:TestClass.validateHeader@6e9a5ed8]" started-at="2022-02-06T13:10:13Z" name="VerifyWorkSchedule" finished-at="2022-02-06T13:10:14Z" duration-ms="1051" status="PASS">
          <reporter-output>
          </reporter-output>
        </test-method> <!-- VerifyWorkSchedule -->
        <test-method is-config="true" signature="Logout()[pri:0, instance:TestClass.validateHeader@6e9a5ed8]" started-at="2022-02-06T13:10:14Z" name="Logout" finished-at="2022-02-06T13:10:14Z" duration-ms="377" status="PASS">
          <reporter-output>
          </reporter-output>
        </test-method> <!-- Logout -->
        <test-method is-config="true" signature="CloseObject()[pri:0, instance:TestClass.validateHeader@6e9a5ed8]" started-at="2022-02-06T13:10:14Z" name="CloseObject" finished-at="2022-02-06T13:10:14Z" duration-ms="0" status="PASS">
          <reporter-output>
          </reporter-output>
        </test-method> <!-- CloseObject -->
      </class> <!-- TestClass.validateHeader -->
    </test> <!-- Chrome -->
    <test started-at="2022-02-06T13:10:15Z" name="Opera" finished-at="2022-02-06T13:10:40Z" duration-ms="24978">
      <class name="TestClass.ValidateTimetrackSUb">
        <test-method is-config="true" signature="CreateObject()[pri:0, instance:TestClass.ValidateTimetrackSUb@533bda92]" started-at="2022-02-06T13:10:22Z" name="CreateObject" finished-at="2022-02-06T13:10:22Z" duration-ms="2" status="PASS">
          <reporter-output>
          </reporter-output>
        </test-method> <!-- CreateObject -->
        <test-method is-config="true" signature="Login()[pri:0, instance:TestClass.ValidateTimetrackSUb@533bda92]" started-at="2022-02-06T13:10:22Z" name="Login" finished-at="2022-02-06T13:10:24Z" duration-ms="1993" status="PASS">
          <reporter-output>
          </reporter-output>
        </test-method> <!-- Login -->
        <test-method signature="EnterTT()[pri:0, instance:TestClass.ValidateTimetrackSUb@533bda92]" started-at="2022-02-06T13:10:24Z" name="EnterTT" finished-at="2022-02-06T13:10:29Z" duration-ms="5129" status="PASS">
          <reporter-output>
          </reporter-output>
        </test-method> <!-- EnterTT -->
        <test-method is-config="true" signature="Logout()[pri:0, instance:TestClass.ValidateTimetrackSUb@533bda92]" started-at="2022-02-06T13:10:29Z" name="Logout" finished-at="2022-02-06T13:10:30Z" duration-ms="499" status="PASS">
          <reporter-output>
          </reporter-output>
        </test-method> <!-- Logout -->
        <test-method is-config="true" signature="Login()[pri:0, instance:TestClass.ValidateTimetrackSUb@533bda92]" started-at="2022-02-06T13:10:30Z" name="Login" finished-at="2022-02-06T13:10:30Z" duration-ms="277" status="PASS">
          <reporter-output>
          </reporter-output>
        </test-method> <!-- Login -->
        <test-method signature="ViewTT()[pri:0, instance:TestClass.ValidateTimetrackSUb@533bda92]" started-at="2022-02-06T13:10:30Z" name="ViewTT" finished-at="2022-02-06T13:10:34Z" duration-ms="3763" status="PASS">
          <reporter-output>
          </reporter-output>
        </test-method> <!-- ViewTT -->
        <test-method is-config="true" signature="Logout()[pri:0, instance:TestClass.ValidateTimetrackSUb@533bda92]" started-at="2022-02-06T13:10:34Z" name="Logout" finished-at="2022-02-06T13:10:34Z" duration-ms="393" status="PASS">
          <reporter-output>
          </reporter-output>
        </test-method> <!-- Logout -->
        <test-method is-config="true" signature="CloseObjet()[pri:0, instance:TestClass.ValidateTimetrackSUb@533bda92]" started-at="2022-02-06T13:10:34Z" name="CloseObjet" finished-at="2022-02-06T13:10:34Z" duration-ms="0" status="PASS">
          <reporter-output>
          </reporter-output>
        </test-method> <!-- CloseObjet -->
      </class> <!-- TestClass.ValidateTimetrackSUb -->
      <class name="TestClass.ValidateLogin">
        <test-method is-config="true" signature="launchBrowser(java.lang.String)[pri:0, instance:TestClass.ValidateLogin@7fd50002]" started-at="2022-02-06T13:10:15Z" name="launchBrowser" finished-at="2022-02-06T13:10:19Z" duration-ms="3477" status="PASS">
          <params>
            <param index="0">
              <value>
                <![CDATA[Opera]]>
              </value>
            </param>
          </params>
          <reporter-output>
          </reporter-output>
        </test-method> <!-- launchBrowser -->
        <test-method is-config="true" signature="launchBrowser(java.lang.String)[pri:0, instance:TestClass.ValidateTimetrackSUb@533bda92]" started-at="2022-02-06T13:10:19Z" name="launchBrowser" finished-at="2022-02-06T13:10:20Z" duration-ms="1869" status="PASS">
          <params>
            <param index="0">
              <value>
                <![CDATA[Opera]]>
              </value>
            </param>
          </params>
          <reporter-output>
          </reporter-output>
        </test-method> <!-- launchBrowser -->
        <test-method is-config="true" signature="launchBrowser(java.lang.String)[pri:0, instance:TestClass.validateHeader@3f4faf53]" started-at="2022-02-06T13:10:20Z" name="launchBrowser" finished-at="2022-02-06T13:10:22Z" duration-ms="1762" status="PASS">
          <params>
            <param index="0">
              <value>
                <![CDATA[Opera]]>
              </value>
            </param>
          </params>
          <reporter-output>
          </reporter-output>
        </test-method> <!-- launchBrowser -->
        <test-method is-config="true" signature="createObject()[pri:0, instance:TestClass.ValidateLogin@7fd50002]" started-at="2022-02-06T13:10:22Z" name="createObject" finished-at="2022-02-06T13:10:22Z" duration-ms="1" status="PASS">
          <reporter-output>
          </reporter-output>
        </test-method> <!-- createObject -->
        <test-method is-config="true" signature="OpenUrl()[pri:0, instance:TestClass.ValidateLogin@7fd50002]" started-at="2022-02-06T13:10:22Z" name="OpenUrl" finished-at="2022-02-06T13:10:24Z" duration-ms="1371" status="PASS">
          <reporter-output>
          </reporter-output>
        </test-method> <!-- OpenUrl -->
        <test-method signature="Login()[pri:0, instance:TestClass.ValidateLogin@7fd50002]" started-at="2022-02-06T13:10:24Z" name="Login" finished-at="2022-02-06T13:10:24Z" duration-ms="630" status="PASS">
          <reporter-output>
          </reporter-output>
        </test-method> <!-- Login -->
        <test-method is-config="true" signature="Logout()[pri:0, instance:TestClass.ValidateLogin@7fd50002]" started-at="2022-02-06T13:10:24Z" name="Logout" finished-at="2022-02-06T13:10:29Z" duration-ms="4448" status="PASS">
          <reporter-output>
          </reporter-output>
        </test-method> <!-- Logout -->
        <test-method is-config="true" signature="CloseBrowser()[pri:0, instance:TestClass.ValidateLogin@7fd50002]" started-at="2022-02-06T13:10:29Z" name="CloseBrowser" finished-at="2022-02-06T13:10:29Z" duration-ms="0" status="PASS">
          <reporter-output>
          </reporter-output>
        </test-method> <!-- CloseBrowser -->
        <test-method is-config="true" signature="CloseObject()[pri:0, instance:TestClass.ValidateLogin@7fd50002]" started-at="2022-02-06T13:10:39Z" name="CloseObject" finished-at="2022-02-06T13:10:39Z" duration-ms="552" status="PASS">
          <reporter-output>
          </reporter-output>
        </test-method> <!-- CloseObject -->
        <test-method is-config="true" signature="CloseBrowser()[pri:0, instance:TestClass.ValidateTimetrackSUb@533bda92]" started-at="2022-02-06T13:10:39Z" name="CloseBrowser" finished-at="2022-02-06T13:10:40Z" duration-ms="423" status="PASS">
          <reporter-output>
          </reporter-output>
        </test-method> <!-- CloseBrowser -->
        <test-method is-config="true" signature="CloseBrowser()[pri:0, instance:TestClass.validateHeader@3f4faf53]" started-at="2022-02-06T13:10:40Z" name="CloseBrowser" finished-at="2022-02-06T13:10:40Z" duration-ms="460" status="PASS">
          <reporter-output>
          </reporter-output>
        </test-method> <!-- CloseBrowser -->
      </class> <!-- TestClass.ValidateLogin -->
      <class name="TestClass.validateHeader">
        <test-method is-config="true" signature="CreateObject()[pri:0, instance:TestClass.validateHeader@3f4faf53]" started-at="2022-02-06T13:10:22Z" name="CreateObject" finished-at="2022-02-06T13:10:22Z" duration-ms="5" status="PASS">
          <reporter-output>
          </reporter-output>
        </test-method> <!-- CreateObject -->
        <test-method is-config="true" signature="loginToUserAccount()[pri:0, instance:TestClass.validateHeader@3f4faf53]" started-at="2022-02-06T13:10:22Z" name="loginToUserAccount" finished-at="2022-02-06T13:10:28Z" duration-ms="5883" status="PASS">
          <reporter-output>
          </reporter-output>
        </test-method> <!-- loginToUserAccount -->
        <test-method signature="VerifyReports()[pri:0, instance:TestClass.validateHeader@3f4faf53]" started-at="2022-02-06T13:10:28Z" name="VerifyReports" finished-at="2022-02-06T13:10:29Z" duration-ms="1165" status="PASS">
          <reporter-output>
          </reporter-output>
        </test-method> <!-- VerifyReports -->
        <test-method is-config="true" signature="Logout()[pri:0, instance:TestClass.validateHeader@3f4faf53]" started-at="2022-02-06T13:10:29Z" name="Logout" finished-at="2022-02-06T13:10:30Z" duration-ms="543" status="PASS">
          <reporter-output>
          </reporter-output>
        </test-method> <!-- Logout -->
        <test-method is-config="true" signature="loginToUserAccount()[pri:0, instance:TestClass.validateHeader@3f4faf53]" started-at="2022-02-06T13:10:30Z" name="loginToUserAccount" finished-at="2022-02-06T13:10:30Z" duration-ms="264" status="PASS">
          <reporter-output>
          </reporter-output>
        </test-method> <!-- loginToUserAccount -->
        <test-method signature="VerifyTasks()[pri:0, instance:TestClass.validateHeader@3f4faf53]" started-at="2022-02-06T13:10:30Z" name="VerifyTasks" finished-at="2022-02-06T13:10:33Z" duration-ms="3090" status="PASS">
          <reporter-output>
          </reporter-output>
        </test-method> <!-- VerifyTasks -->
        <test-method is-config="true" signature="Logout()[pri:0, instance:TestClass.validateHeader@3f4faf53]" started-at="2022-02-06T13:10:33Z" name="Logout" finished-at="2022-02-06T13:10:34Z" duration-ms="543" status="PASS">
          <reporter-output>
          </reporter-output>
        </test-method> <!-- Logout -->
        <test-method is-config="true" signature="loginToUserAccount()[pri:0, instance:TestClass.validateHeader@3f4faf53]" started-at="2022-02-06T13:10:34Z" name="loginToUserAccount" finished-at="2022-02-06T13:10:34Z" duration-ms="313" status="PASS">
          <reporter-output>
          </reporter-output>
        </test-method> <!-- loginToUserAccount -->
        <test-method signature="VerifyTimetrack()[pri:0, instance:TestClass.validateHeader@3f4faf53]" started-at="2022-02-06T13:10:34Z" name="VerifyTimetrack" finished-at="2022-02-06T13:10:34Z" duration-ms="334" status="PASS">
          <reporter-output>
          </reporter-output>
        </test-method> <!-- VerifyTimetrack -->
        <test-method is-config="true" signature="Logout()[pri:0, instance:TestClass.validateHeader@3f4faf53]" started-at="2022-02-06T13:10:34Z" name="Logout" finished-at="2022-02-06T13:10:35Z" duration-ms="529" status="PASS">
          <reporter-output>
          </reporter-output>
        </test-method> <!-- Logout -->
        <test-method is-config="true" signature="loginToUserAccount()[pri:0, instance:TestClass.validateHeader@3f4faf53]" started-at="2022-02-06T13:10:35Z" name="loginToUserAccount" finished-at="2022-02-06T13:10:35Z" duration-ms="567" status="PASS">
          <reporter-output>
          </reporter-output>
        </test-method> <!-- loginToUserAccount -->
        <test-method signature="VerifyUsers()[pri:0, instance:TestClass.validateHeader@3f4faf53]" started-at="2022-02-06T13:10:35Z" name="VerifyUsers" finished-at="2022-02-06T13:10:37Z" duration-ms="1202" status="PASS">
          <reporter-output>
          </reporter-output>
        </test-method> <!-- VerifyUsers -->
        <test-method is-config="true" signature="Logout()[pri:0, instance:TestClass.validateHeader@3f4faf53]" started-at="2022-02-06T13:10:37Z" name="Logout" finished-at="2022-02-06T13:10:37Z" duration-ms="347" status="PASS">
          <reporter-output>
          </reporter-output>
        </test-method> <!-- Logout -->
        <test-method is-config="true" signature="loginToUserAccount()[pri:0, instance:TestClass.validateHeader@3f4faf53]" started-at="2022-02-06T13:10:37Z" name="loginToUserAccount" finished-at="2022-02-06T13:10:37Z" duration-ms="251" status="PASS">
          <reporter-output>
          </reporter-output>
        </test-method> <!-- loginToUserAccount -->
        <test-method signature="VerifyWorkSchedule()[pri:0, instance:TestClass.validateHeader@3f4faf53]" started-at="2022-02-06T13:10:37Z" name="VerifyWorkSchedule" finished-at="2022-02-06T13:10:38Z" duration-ms="825" status="PASS">
          <reporter-output>
          </reporter-output>
        </test-method> <!-- VerifyWorkSchedule -->
        <test-method is-config="true" signature="Logout()[pri:0, instance:TestClass.validateHeader@3f4faf53]" started-at="2022-02-06T13:10:38Z" name="Logout" finished-at="2022-02-06T13:10:39Z" duration-ms="555" status="PASS">
          <reporter-output>
          </reporter-output>
        </test-method> <!-- Logout -->
        <test-method is-config="true" signature="CloseObject()[pri:0, instance:TestClass.validateHeader@3f4faf53]" started-at="2022-02-06T13:10:39Z" name="CloseObject" finished-at="2022-02-06T13:10:39Z" duration-ms="0" status="PASS">
          <reporter-output>
          </reporter-output>
        </test-method> <!-- CloseObject -->
      </class> <!-- TestClass.validateHeader -->
    </test> <!-- Opera -->
    <test started-at="2022-02-06T13:10:40Z" name="Firefox" finished-at="2022-02-06T13:11:08Z" duration-ms="27676">
      <class name="TestClass.ValidateTimetrackSUb">
        <test-method is-config="true" signature="CreateObject()[pri:0, instance:TestClass.ValidateTimetrackSUb@4d0d9fe7]" started-at="2022-02-06T13:10:52Z" name="CreateObject" finished-at="2022-02-06T13:10:52Z" duration-ms="0" status="PASS">
          <reporter-output>
          </reporter-output>
        </test-method> <!-- CreateObject -->
        <test-method is-config="true" signature="Login()[pri:0, instance:TestClass.ValidateTimetrackSUb@4d0d9fe7]" started-at="2022-02-06T13:10:52Z" name="Login" finished-at="2022-02-06T13:10:56Z" duration-ms="4927" status="PASS">
          <reporter-output>
          </reporter-output>
        </test-method> <!-- Login -->
        <test-method signature="EnterTT()[pri:0, instance:TestClass.ValidateTimetrackSUb@4d0d9fe7]" started-at="2022-02-06T13:10:56Z" name="EnterTT" finished-at="2022-02-06T13:10:57Z" duration-ms="264" status="PASS">
          <reporter-output>
          </reporter-output>
        </test-method> <!-- EnterTT -->
        <test-method is-config="true" signature="Logout()[pri:0, instance:TestClass.ValidateTimetrackSUb@4d0d9fe7]" started-at="2022-02-06T13:10:57Z" name="Logout" finished-at="2022-02-06T13:10:57Z" duration-ms="343" status="PASS">
          <reporter-output>
          </reporter-output>
        </test-method> <!-- Logout -->
        <test-method is-config="true" signature="Login()[pri:0, instance:TestClass.ValidateTimetrackSUb@4d0d9fe7]" started-at="2022-02-06T13:10:57Z" name="Login" finished-at="2022-02-06T13:10:58Z" duration-ms="1078" status="PASS">
          <reporter-output>
          </reporter-output>
        </test-method> <!-- Login -->
        <test-method signature="ViewTT()[pri:0, instance:TestClass.ValidateTimetrackSUb@4d0d9fe7]" started-at="2022-02-06T13:10:58Z" name="ViewTT" finished-at="2022-02-06T13:10:59Z" duration-ms="1035" status="PASS">
          <reporter-output>
          </reporter-output>
        </test-method> <!-- ViewTT -->
        <test-method is-config="true" signature="Logout()[pri:0, instance:TestClass.ValidateTimetrackSUb@4d0d9fe7]" started-at="2022-02-06T13:10:59Z" name="Logout" finished-at="2022-02-06T13:10:59Z" duration-ms="290" status="PASS">
          <reporter-output>
          </reporter-output>
        </test-method> <!-- Logout -->
        <test-method is-config="true" signature="CloseObjet()[pri:0, instance:TestClass.ValidateTimetrackSUb@4d0d9fe7]" started-at="2022-02-06T13:10:59Z" name="CloseObjet" finished-at="2022-02-06T13:10:59Z" duration-ms="1" status="PASS">
          <reporter-output>
          </reporter-output>
        </test-method> <!-- CloseObjet -->
      </class> <!-- TestClass.ValidateTimetrackSUb -->
      <class name="TestClass.validateHeader">
        <test-method is-config="true" signature="CreateObject()[pri:0, instance:TestClass.validateHeader@4c163e3]" started-at="2022-02-06T13:10:52Z" name="CreateObject" finished-at="2022-02-06T13:10:52Z" duration-ms="0" status="PASS">
          <reporter-output>
          </reporter-output>
        </test-method> <!-- CreateObject -->
        <test-method is-config="true" signature="loginToUserAccount()[pri:0, instance:TestClass.validateHeader@4c163e3]" started-at="2022-02-06T13:10:52Z" name="loginToUserAccount" finished-at="2022-02-06T13:10:56Z" duration-ms="4336" status="PASS">
          <reporter-output>
          </reporter-output>
        </test-method> <!-- loginToUserAccount -->
        <test-method signature="VerifyReports()[pri:0, instance:TestClass.validateHeader@4c163e3]" started-at="2022-02-06T13:10:56Z" name="VerifyReports" finished-at="2022-02-06T13:10:56Z" duration-ms="452" status="PASS">
          <reporter-output>
          </reporter-output>
        </test-method> <!-- VerifyReports -->
        <test-method is-config="true" signature="Logout()[pri:0, instance:TestClass.validateHeader@4c163e3]" started-at="2022-02-06T13:10:56Z" name="Logout" finished-at="2022-02-06T13:10:57Z" duration-ms="267" status="PASS">
          <reporter-output>
          </reporter-output>
        </test-method> <!-- Logout -->
        <test-method is-config="true" signature="loginToUserAccount()[pri:0, instance:TestClass.validateHeader@4c163e3]" started-at="2022-02-06T13:10:57Z" name="loginToUserAccount" finished-at="2022-02-06T13:10:58Z" duration-ms="934" status="PASS">
          <reporter-output>
          </reporter-output>
        </test-method> <!-- loginToUserAccount -->
        <test-method signature="VerifyTasks()[pri:0, instance:TestClass.validateHeader@4c163e3]" started-at="2022-02-06T13:10:58Z" name="VerifyTasks" finished-at="2022-02-06T13:10:58Z" duration-ms="647" status="PASS">
          <reporter-output>
          </reporter-output>
        </test-method> <!-- VerifyTasks -->
        <test-method is-config="true" signature="Logout()[pri:0, instance:TestClass.validateHeader@4c163e3]" started-at="2022-02-06T13:10:58Z" name="Logout" finished-at="2022-02-06T13:10:58Z" duration-ms="300" status="PASS">
          <reporter-output>
          </reporter-output>
        </test-method> <!-- Logout -->
        <test-method is-config="true" signature="loginToUserAccount()[pri:0, instance:TestClass.validateHeader@4c163e3]" started-at="2022-02-06T13:10:58Z" name="loginToUserAccount" finished-at="2022-02-06T13:10:59Z" duration-ms="953" status="PASS">
          <reporter-output>
          </reporter-output>
        </test-method> <!-- loginToUserAccount -->
        <test-method signature="VerifyTimetrack()[pri:0, instance:TestClass.validateHeader@4c163e3]" started-at="2022-02-06T13:10:59Z" name="VerifyTimetrack" finished-at="2022-02-06T13:11:00Z" duration-ms="226" status="PASS">
          <reporter-output>
          </reporter-output>
        </test-method> <!-- VerifyTimetrack -->
        <test-method is-config="true" signature="Logout()[pri:0, instance:TestClass.validateHeader@4c163e3]" started-at="2022-02-06T13:11:00Z" name="Logout" finished-at="2022-02-06T13:11:00Z" duration-ms="217" status="PASS">
          <reporter-output>
          </reporter-output>
        </test-method> <!-- Logout -->
        <test-method is-config="true" signature="loginToUserAccount()[pri:0, instance:TestClass.validateHeader@4c163e3]" started-at="2022-02-06T13:11:00Z" name="loginToUserAccount" finished-at="2022-02-06T13:11:01Z" duration-ms="758" status="PASS">
          <reporter-output>
          </reporter-output>
        </test-method> <!-- loginToUserAccount -->
        <test-method signature="VerifyUsers()[pri:0, instance:TestClass.validateHeader@4c163e3]" started-at="2022-02-06T13:11:01Z" name="VerifyUsers" finished-at="2022-02-06T13:11:01Z" duration-ms="775" status="PASS">
          <reporter-output>
          </reporter-output>
        </test-method> <!-- VerifyUsers -->
        <test-method is-config="true" signature="Logout()[pri:0, instance:TestClass.validateHeader@4c163e3]" started-at="2022-02-06T13:11:01Z" name="Logout" finished-at="2022-02-06T13:11:02Z" duration-ms="215" status="PASS">
          <reporter-output>
          </reporter-output>
        </test-method> <!-- Logout -->
        <test-method is-config="true" signature="loginToUserAccount()[pri:0, instance:TestClass.validateHeader@4c163e3]" started-at="2022-02-06T13:11:02Z" name="loginToUserAccount" finished-at="2022-02-06T13:11:03Z" duration-ms="992" status="PASS">
          <reporter-output>
          </reporter-output>
        </test-method> <!-- loginToUserAccount -->
        <test-method signature="VerifyWorkSchedule()[pri:0, instance:TestClass.validateHeader@4c163e3]" started-at="2022-02-06T13:11:03Z" name="VerifyWorkSchedule" finished-at="2022-02-06T13:11:03Z" duration-ms="233" status="PASS">
          <reporter-output>
          </reporter-output>
        </test-method> <!-- VerifyWorkSchedule -->
        <test-method is-config="true" signature="Logout()[pri:0, instance:TestClass.validateHeader@4c163e3]" started-at="2022-02-06T13:11:03Z" name="Logout" finished-at="2022-02-06T13:11:03Z" duration-ms="218" status="PASS">
          <reporter-output>
          </reporter-output>
        </test-method> <!-- Logout -->
        <test-method is-config="true" signature="CloseObject()[pri:0, instance:TestClass.validateHeader@4c163e3]" started-at="2022-02-06T13:11:03Z" name="CloseObject" finished-at="2022-02-06T13:11:03Z" duration-ms="0" status="PASS">
          <reporter-output>
          </reporter-output>
        </test-method> <!-- CloseObject -->
      </class> <!-- TestClass.validateHeader -->
      <class name="TestClass.ValidateLogin">
        <test-method is-config="true" signature="launchBrowser(java.lang.String)[pri:0, instance:TestClass.ValidateLogin@4a8355dd]" started-at="2022-02-06T13:10:40Z" name="launchBrowser" finished-at="2022-02-06T13:10:45Z" duration-ms="4973" status="PASS">
          <params>
            <param index="0">
              <value>
                <![CDATA[Firefox]]>
              </value>
            </param>
          </params>
          <reporter-output>
          </reporter-output>
        </test-method> <!-- launchBrowser -->
        <test-method is-config="true" signature="launchBrowser(java.lang.String)[pri:0, instance:TestClass.ValidateTimetrackSUb@4d0d9fe7]" started-at="2022-02-06T13:10:45Z" name="launchBrowser" finished-at="2022-02-06T13:10:48Z" duration-ms="3243" status="PASS">
          <params>
            <param index="0">
              <value>
                <![CDATA[Firefox]]>
              </value>
            </param>
          </params>
          <reporter-output>
          </reporter-output>
        </test-method> <!-- launchBrowser -->
        <test-method is-config="true" signature="launchBrowser(java.lang.String)[pri:0, instance:TestClass.validateHeader@4c163e3]" started-at="2022-02-06T13:10:48Z" name="launchBrowser" finished-at="2022-02-06T13:10:52Z" duration-ms="3266" status="PASS">
          <params>
            <param index="0">
              <value>
                <![CDATA[Firefox]]>
              </value>
            </param>
          </params>
          <reporter-output>
          </reporter-output>
        </test-method> <!-- launchBrowser -->
        <test-method is-config="true" signature="OpenUrl()[pri:0, instance:TestClass.ValidateLogin@4a8355dd]" started-at="2022-02-06T13:10:52Z" name="OpenUrl" finished-at="2022-02-06T13:10:52Z" duration-ms="906" status="PASS">
          <reporter-output>
          </reporter-output>
        </test-method> <!-- OpenUrl -->
        <test-method is-config="true" signature="createObject()[pri:0, instance:TestClass.ValidateLogin@4a8355dd]" started-at="2022-02-06T13:10:52Z" name="createObject" finished-at="2022-02-06T13:10:52Z" duration-ms="0" status="PASS">
          <reporter-output>
          </reporter-output>
        </test-method> <!-- createObject -->
        <test-method signature="Login()[pri:0, instance:TestClass.ValidateLogin@4a8355dd]" started-at="2022-02-06T13:10:52Z" name="Login" finished-at="2022-02-06T13:10:53Z" duration-ms="1037" status="PASS">
          <reporter-output>
          </reporter-output>
        </test-method> <!-- Login -->
        <test-method is-config="true" signature="Logout()[pri:0, instance:TestClass.ValidateLogin@4a8355dd]" started-at="2022-02-06T13:10:53Z" name="Logout" finished-at="2022-02-06T13:10:55Z" duration-ms="1848" status="PASS">
          <reporter-output>
          </reporter-output>
        </test-method> <!-- Logout -->
        <test-method is-config="true" signature="CloseBrowser()[pri:0, instance:TestClass.ValidateLogin@4a8355dd]" started-at="2022-02-06T13:10:55Z" name="CloseBrowser" finished-at="2022-02-06T13:10:55Z" duration-ms="0" status="PASS">
          <reporter-output>
          </reporter-output>
        </test-method> <!-- CloseBrowser -->
        <test-method is-config="true" signature="CloseObject()[pri:0, instance:TestClass.ValidateLogin@4a8355dd]" started-at="2022-02-06T13:11:03Z" name="CloseObject" finished-at="2022-02-06T13:11:05Z" duration-ms="1795" status="PASS">
          <reporter-output>
          </reporter-output>
        </test-method> <!-- CloseObject -->
        <test-method is-config="true" signature="CloseBrowser()[pri:0, instance:TestClass.ValidateTimetrackSUb@4d0d9fe7]" started-at="2022-02-06T13:11:05Z" name="CloseBrowser" finished-at="2022-02-06T13:11:07Z" duration-ms="1682" status="PASS">
          <reporter-output>
          </reporter-output>
        </test-method> <!-- CloseBrowser -->
        <test-method is-config="true" signature="CloseBrowser()[pri:0, instance:TestClass.validateHeader@4c163e3]" started-at="2022-02-06T13:11:07Z" name="CloseBrowser" finished-at="2022-02-06T13:11:08Z" duration-ms="1186" status="PASS">
          <reporter-output>
          </reporter-output>
        </test-method> <!-- CloseBrowser -->
      </class> <!-- TestClass.ValidateLogin -->
    </test> <!-- Firefox -->
  </suite> <!-- Suite -->
</testng-results>
