<?xml version="1.0" encoding="UTF-8"?>
<!-- Generated by org.testng.reporters.JUnitXMLReporter -->
<testsuite ignored="0" hostname="MSI" failures="0" tests="8" name="Chrome" time="13.514" errors="0" timestamp="03 Feb 2022 08:33:53 GMT">
  <testcase classname="TestClass.ValidateLogin" name="Login" time="0.372"/>
  <testcase classname="TestClass.ValidateTimetrackSUb" name="EnterTT" time="3.174"/>
  <testcase classname="TestClass.validateHeader" name="VerifyReports" time="3.695"/>
  <testcase classname="TestClass.ValidateTimetrackSUb" name="ViewTT" time="0.774"/>
  <testcase classname="TestClass.validateHeader" name="VerifyTasks" time="0.708"/>
  <testcase classname="TestClass.validateHeader" name="VerifyTimetrack" time="0.23"/>
  <testcase classname="TestClass.validateHeader" name="VerifyUsers" time="1.354"/>
  <testcase classname="TestClass.validateHeader" name="VerifyWorkSchedule" time="0.437"/>
</testsuite> <!-- Chrome -->
