<?xml version="1.0" encoding="UTF-8"?>
<!-- Generated by org.testng.reporters.JUnitXMLReporter -->
<testsuite ignored="0" hostname="MSI" failures="0" tests="8" name="Chrome" time="33.272" errors="0" timestamp="06 Feb 2022 13:10:15 GMT">
  <testcase classname="TestClass.ValidateLogin" name="Login" time="0.28"/>
  <testcase classname="TestClass.ValidateTimetrackSUb" name="EnterTT" time="14.29"/>
  <testcase classname="TestClass.validateHeader" name="VerifyReports" time="15.342"/>
  <testcase classname="TestClass.ValidateTimetrackSUb" name="ViewTT" time="1.188"/>
  <testcase classname="TestClass.validateHeader" name="VerifyTasks" time="0.979"/>
  <testcase classname="TestClass.validateHeader" name="VerifyTimetrack" time="0.411"/>
  <testcase classname="TestClass.validateHeader" name="VerifyUsers" time="3.812"/>
  <testcase classname="TestClass.validateHeader" name="VerifyWorkSchedule" time="1.051"/>
</testsuite> <!-- Chrome -->
