<?xml version="1.0" encoding="UTF-8"?>
<!-- Generated by org.testng.reporters.JUnitXMLReporter -->
<testsuite ignored="0" hostname="MSI" failures="0" tests="8" name="Firefox" time="21.893" errors="0" timestamp="03 Feb 2022 08:34:36 GMT">
  <testcase classname="TestClass.ValidateLogin" name="Login" time="3.311"/>
  <testcase classname="TestClass.validateHeader" name="VerifyReports" time="0.701"/>
  <testcase classname="TestClass.ValidateTimetrackSUb" name="EnterTT" time="0.274"/>
  <testcase classname="TestClass.validateHeader" name="VerifyTasks" time="0.647"/>
  <testcase classname="TestClass.ValidateTimetrackSUb" name="ViewTT" time="0.845"/>
  <testcase classname="TestClass.validateHeader" name="VerifyTimetrack" time="0.249"/>
  <testcase classname="TestClass.validateHeader" name="VerifyUsers" time="0.712"/>
  <testcase classname="TestClass.validateHeader" name="VerifyWorkSchedule" time="0.178"/>
</testsuite> <!-- Firefox -->
