<?xml version="1.0" encoding="UTF-8"?>
<!-- Generated by org.testng.reporters.JUnitXMLReporter -->
<testsuite ignored="0" hostname="MSI" failures="0" tests="8" name="Firefox" time="27.676" errors="0" timestamp="06 Feb 2022 13:11:08 GMT">
  <testcase classname="TestClass.ValidateLogin" name="Login" time="1.037"/>
  <testcase classname="TestClass.validateHeader" name="VerifyReports" time="0.452"/>
  <testcase classname="TestClass.ValidateTimetrackSUb" name="EnterTT" time="0.264"/>
  <testcase classname="TestClass.validateHeader" name="VerifyTasks" time="0.647"/>
  <testcase classname="TestClass.ValidateTimetrackSUb" name="ViewTT" time="1.035"/>
  <testcase classname="TestClass.validateHeader" name="VerifyTimetrack" time="0.226"/>
  <testcase classname="TestClass.validateHeader" name="VerifyUsers" time="0.775"/>
  <testcase classname="TestClass.validateHeader" name="VerifyWorkSchedule" time="0.233"/>
</testsuite> <!-- Firefox -->
