<?xml version="1.0" encoding="UTF-8"?>
<!-- Generated by org.testng.reporters.JUnitXMLReporter -->
<testsuite ignored="0" hostname="MSI" failures="0" tests="8" name="Opera" time="20.946" errors="0" timestamp="03 Feb 2022 08:34:14 GMT">
  <testcase classname="TestClass.ValidateLogin" name="Login" time="0.348"/>
  <testcase classname="TestClass.ValidateTimetrackSUb" name="EnterTT" time="3.895"/>
  <testcase classname="TestClass.validateHeader" name="VerifyReports" time="5.07"/>
  <testcase classname="TestClass.ValidateTimetrackSUb" name="ViewTT" time="1.008"/>
  <testcase classname="TestClass.validateHeader" name="VerifyTasks" time="0.763"/>
  <testcase classname="TestClass.validateHeader" name="VerifyTimetrack" time="0.283"/>
  <testcase classname="TestClass.validateHeader" name="VerifyUsers" time="0.805"/>
  <testcase classname="TestClass.validateHeader" name="VerifyWorkSchedule" time="0.463"/>
</testsuite> <!-- Opera -->
