<?xml version="1.0" encoding="UTF-8"?>
<!-- Generated by org.testng.reporters.JUnitXMLReporter -->
<testsuite ignored="0" hostname="MSI" failures="0" tests="8" name="Opera" time="24.978" errors="0" timestamp="06 Feb 2022 13:10:40 GMT">
  <testcase classname="TestClass.ValidateLogin" name="Login" time="0.63"/>
  <testcase classname="TestClass.validateHeader" name="VerifyReports" time="1.165"/>
  <testcase classname="TestClass.ValidateTimetrackSUb" name="EnterTT" time="5.129"/>
  <testcase classname="TestClass.validateHeader" name="VerifyTasks" time="3.09"/>
  <testcase classname="TestClass.ValidateTimetrackSUb" name="ViewTT" time="3.763"/>
  <testcase classname="TestClass.validateHeader" name="VerifyTimetrack" time="0.334"/>
  <testcase classname="TestClass.validateHeader" name="VerifyUsers" time="1.202"/>
  <testcase classname="TestClass.validateHeader" name="VerifyWorkSchedule" time="0.825"/>
</testsuite> <!-- Opera -->
